0 info it worked if it ends with ok
1 verbose cli [ '/usr/local/bin/node',
1 verbose cli   '/usr/local/bin/npm',
1 verbose cli   'install',
1 verbose cli   '-g',
1 verbose cli   'browser-sync' ]
2 info using npm@2.15.9
3 info using node@v4.5.0
4 verbose install initial load of /usr/local/lib/package.json
5 verbose readDependencies loading dependencies from /usr/local/lib/package.json
6 silly cache add args [ 'browser-sync', null ]
7 verbose cache add spec browser-sync
8 silly cache add parsed spec Result {
8 silly cache add   raw: 'browser-sync',
8 silly cache add   scope: null,
8 silly cache add   name: 'browser-sync',
8 silly cache add   rawSpec: '',
8 silly cache add   spec: 'latest',
8 silly cache add   type: 'tag' }
9 silly addNamed browser-sync@latest
10 verbose addNamed "latest" is being treated as a dist-tag for browser-sync
11 info addNameTag [ 'browser-sync', 'latest' ]
12 silly mapToRegistry name browser-sync
13 silly mapToRegistry using default registry
14 silly mapToRegistry registry https://registry.npmjs.org/
15 silly mapToRegistry data Result {
15 silly mapToRegistry   raw: 'browser-sync',
15 silly mapToRegistry   scope: null,
15 silly mapToRegistry   name: 'browser-sync',
15 silly mapToRegistry   rawSpec: '',
15 silly mapToRegistry   spec: 'latest',
15 silly mapToRegistry   type: 'tag' }
16 silly mapToRegistry uri https://registry.npmjs.org/browser-sync
17 verbose addNameTag registry:https://registry.npmjs.org/browser-sync not in flight; fetching
18 verbose request uri https://registry.npmjs.org/browser-sync
19 verbose request no auth needed
20 info attempt registry request try #1 at 7:28:14 PM
21 verbose request id 48c8bf36aafd9614
22 http request GET https://registry.npmjs.org/browser-sync
23 http 200 https://registry.npmjs.org/browser-sync
24 verbose headers { server: 'CouchDB/1.5.0 (Erlang OTP/R16B03)',
24 verbose headers   etag: '"KWDN8PPJPBDRNZ6ETUMXWZZ1"',
24 verbose headers   'content-type': 'application/json',
24 verbose headers   'content-encoding': 'gzip',
24 verbose headers   'cache-control': 'max-age=300',
24 verbose headers   'content-length': '41089',
24 verbose headers   'accept-ranges': 'bytes',
24 verbose headers   date: 'Thu, 08 Sep 2016 23:28:15 GMT',
24 verbose headers   via: '1.1 varnish',
24 verbose headers   age: '268',
24 verbose headers   connection: 'keep-alive',
24 verbose headers   'x-served-by': 'cache-dfw1831-DFW',
24 verbose headers   'x-cache': 'HIT',
24 verbose headers   'x-cache-hits': '1',
24 verbose headers   'x-timer': 'S1473377295.031316,VS0,VE0',
24 verbose headers   vary: 'Accept-Encoding' }
25 silly get cb [ 200,
25 silly get   { server: 'CouchDB/1.5.0 (Erlang OTP/R16B03)',
25 silly get     etag: '"KWDN8PPJPBDRNZ6ETUMXWZZ1"',
25 silly get     'content-type': 'application/json',
25 silly get     'content-encoding': 'gzip',
25 silly get     'cache-control': 'max-age=300',
25 silly get     'content-length': '41089',
25 silly get     'accept-ranges': 'bytes',
25 silly get     date: 'Thu, 08 Sep 2016 23:28:15 GMT',
25 silly get     via: '1.1 varnish',
25 silly get     age: '268',
25 silly get     connection: 'keep-alive',
25 silly get     'x-served-by': 'cache-dfw1831-DFW',
25 silly get     'x-cache': 'HIT',
25 silly get     'x-cache-hits': '1',
25 silly get     'x-timer': 'S1473377295.031316,VS0,VE0',
25 silly get     vary: 'Accept-Encoding' } ]
26 verbose get saving browser-sync to /Users/shaina/.npm/registry.npmjs.org/browser-sync/.cache.json
27 verbose correctMkdir /Users/shaina/.npm correctMkdir not in flight; initializing
28 silly addNameTag next cb for browser-sync with tag latest
29 silly addNamed browser-sync@2.15.0
30 verbose addNamed "2.15.0" is a plain semver version for browser-sync
31 silly mapToRegistry name browser-sync
32 silly mapToRegistry using default registry
33 silly mapToRegistry registry https://registry.npmjs.org/
34 silly mapToRegistry data Result {
34 silly mapToRegistry   raw: 'browser-sync',
34 silly mapToRegistry   scope: null,
34 silly mapToRegistry   name: 'browser-sync',
34 silly mapToRegistry   rawSpec: '',
34 silly mapToRegistry   spec: 'latest',
34 silly mapToRegistry   type: 'tag' }
35 silly mapToRegistry uri https://registry.npmjs.org/browser-sync
36 verbose addRemoteTarball https://registry.npmjs.org/browser-sync/-/browser-sync-2.15.0.tgz not in flight; adding
37 verbose addRemoteTarball [ 'https://registry.npmjs.org/browser-sync/-/browser-sync-2.15.0.tgz',
37 verbose addRemoteTarball   '424758e90630d3af282bb05c45e529489439cedf' ]
38 info retry fetch attempt 1 at 7:28:15 PM
39 info attempt registry request try #1 at 7:28:15 PM
40 http fetch GET https://registry.npmjs.org/browser-sync/-/browser-sync-2.15.0.tgz
41 http fetch 200 https://registry.npmjs.org/browser-sync/-/browser-sync-2.15.0.tgz
42 silly fetchAndShaCheck shasum 424758e90630d3af282bb05c45e529489439cedf
43 verbose addTmpTarball /var/folders/tg/rlygjl294lb_nb1vw40x1kr80000gn/T/npm-48162-9130037b/registry.npmjs.org/browser-sync/-/browser-sync-2.15.0.tgz not in flight; adding
44 verbose addTmpTarball already have metadata; skipping unpack for browser-sync@2.15.0
45 verbose correctMkdir /Users/shaina/.npm correctMkdir not in flight; initializing
46 silly cache afterAdd browser-sync@2.15.0
47 verbose afterAdd /Users/shaina/.npm/browser-sync/2.15.0/package/package.json not in flight; writing
48 verbose correctMkdir /Users/shaina/.npm correctMkdir not in flight; initializing
49 verbose afterAdd /Users/shaina/.npm/browser-sync/2.15.0/package/package.json written
50 silly install resolved [ { name: 'browser-sync',
50 silly install resolved     description: 'Live CSS Reload & Browser Syncing',
50 silly install resolved     version: '2.15.0',
50 silly install resolved     homepage: 'http://www.browsersync.io/',
50 silly install resolved     author: { name: 'Shane Osbourne' },
50 silly install resolved     repository:
50 silly install resolved      { type: 'git',
50 silly install resolved        url: 'git+https://github.com/browsersync/browser-sync.git' },
50 silly install resolved     license: 'Apache-2.0',
50 silly install resolved     bin: { 'browser-sync': 'bin/browser-sync.js' },
50 silly install resolved     files: [ 'bin', 'index.js', 'lib', 'lodash.custom.js' ],
50 silly install resolved     engines: { node: '>= 0.8.0' },
50 silly install resolved     scripts:
50 silly install resolved      { env: 'node ./test/env.js',
50 silly install resolved        test: 'npm run lint && npm run env && npm run unit',
50 silly install resolved        lint: 'eslint index.js lib bin examples test/specs gulpfile.js',
50 silly install resolved        pro: 'protractor test/protractor/config.single.js',
50 silly install resolved        'pro-local': 'node test/protractor/setup.js',
50 silly install resolved        unit: 'mocha --recursive test/specs --timeout 10000',
50 silly install resolved        cover: 'npm run env && npm run cover-local && npm run coveralls',
50 silly install resolved        'cover-local': 'istanbul cover -x lodash.custom.js _mocha -- --timeout 10000 --recursive ./test/specs',
50 silly install resolved        coveralls: 'istanbul-coveralls',
50 silly install resolved        'pre-release': 'npm test && npm run pro-local && npm run pro',
50 silly install resolved        lodash: 'lodash include=isUndefined,isFunction,toArray,includes,union,each,isString,merge,isObject,set exports=node' },
50 silly install resolved     dependencies:
50 silly install resolved      { 'browser-sync-client': '^2.3.3',
50 silly install resolved        'browser-sync-ui': '0.6.0',
50 silly install resolved        'bs-recipes': '1.2.3',
50 silly install resolved        chokidar: '1.6.0',
50 silly install resolved        connect: '3.4.1',
50 silly install resolved        'dev-ip': '^1.0.1',
50 silly install resolved        'easy-extender': '2.3.2',
50 silly install resolved        'eazy-logger': '3.0.2',
50 silly install resolved        'emitter-steward': '^1.0.0',
50 silly install resolved        'fs-extra': '0.30.0',
50 silly install resolved        'http-proxy': '1.14.0',
50 silly install resolved        immutable: '3.8.1',
50 silly install resolved        localtunnel: '1.8.1',
50 silly install resolved        micromatch: '2.3.11',
50 silly install resolved        opn: '4.0.2',
50 silly install resolved        portscanner: '^1.0.0',
50 silly install resolved        qs: '6.2.1',
50 silly install resolved        'resp-modifier': '6.0.2',
50 silly install resolved        rx: '4.1.0',
50 silly install resolved        'serve-index': '1.8.0',
50 silly install resolved        'serve-static': '1.11.1',
50 silly install resolved        'server-destroy': '1.0.1',
50 silly install resolved        'socket.io': '1.4.8',
50 silly install resolved        'ua-parser-js': '0.7.10',
50 silly install resolved        yargs: '5.0.0' },
50 silly install resolved     devDependencies:
50 silly install resolved      { 'browser-sync-spa': '1.0.3',
50 silly install resolved        'bs-html-injector': '3.0.2',
50 silly install resolved        'bs-latency': '1.0.0',
50 silly install resolved        'bs-rewrite-rules': '1.0.0',
50 silly install resolved        'bs-snippet-injector': '2.0.1',
50 silly install resolved        chai: '3.5.0',
50 silly install resolved        chalk: '1.1.3',
50 silly install resolved        compression: '1.6.2',
50 silly install resolved        eslint: '3.4.0',
50 silly install resolved        'graceful-fs': '4.1.6',
50 silly install resolved        gulp: '3.9.1',
50 silly install resolved        'gulp-contribs': '0.0.3',
50 silly install resolved        'gulp-conventional-changelog': '1.1.0',
50 silly install resolved        'gulp-filter': '4.0.0',
50 silly install resolved        istanbul: '0.4.5',
50 silly install resolved        'istanbul-coveralls': '1.0.3',
50 silly install resolved        'lodash-cli': '4.15.0',
50 silly install resolved        mocha: '3.0.2',
50 silly install resolved        q: '1.4.1',
50 silly install resolved        request: '2.74.0',
50 silly install resolved        rimraf: '2.5.4',
50 silly install resolved        sinon: '1.17.5',
50 silly install resolved        'socket.io-client': '1.4.8',
50 silly install resolved        supertest: '2.0.0',
50 silly install resolved        vinyl: '1.2.0' },
50 silly install resolved     keywords: [ 'browser sync', 'css', 'live reload', 'sync' ],
50 silly install resolved     gitHead: '24d72752609f7b1660c9e362af1cb8b2722548e5',
50 silly install resolved     bugs: { url: 'https://github.com/browsersync/browser-sync/issues' },
50 silly install resolved     _id: 'browser-sync@2.15.0',
50 silly install resolved     _shasum: '424758e90630d3af282bb05c45e529489439cedf',
50 silly install resolved     _from: 'browser-sync@latest',
50 silly install resolved     _npmVersion: '2.15.8',
50 silly install resolved     _nodeVersion: '4.4.7',
50 silly install resolved     _npmUser: { name: 'shakyshane', email: 'shakyshane@gmail.com' },
50 silly install resolved     dist:
50 silly install resolved      { shasum: '424758e90630d3af282bb05c45e529489439cedf',
50 silly install resolved        tarball: 'https://registry.npmjs.org/browser-sync/-/browser-sync-2.15.0.tgz' },
50 silly install resolved     maintainers: [ [Object] ],
50 silly install resolved     _npmOperationalInternal:
50 silly install resolved      { host: 'packages-16-east.internal.npmjs.com',
50 silly install resolved        tmp: 'tmp/browser-sync-2.15.0.tgz_1473103053573_0.39728953992016613' },
50 silly install resolved     directories: {},
50 silly install resolved     _resolved: 'https://registry.npmjs.org/browser-sync/-/browser-sync-2.15.0.tgz' } ]
51 info install browser-sync@2.15.0 into /usr/local/lib
52 info installOne browser-sync@2.15.0
53 verbose installOne of browser-sync to /usr/local/lib not in flight; installing
54 verbose correctMkdir /Users/shaina/.npm/_locks correctMkdir not in flight; initializing
55 verbose lock using /Users/shaina/.npm/_locks/browser-sync-ed941186c435fb34.lock for /usr/local/lib/node_modules/browser-sync
56 silly install write writing browser-sync 2.15.0 to /usr/local/lib/node_modules/browser-sync
57 verbose unbuild lib/node_modules/browser-sync
58 silly gentlyRm /usr/local/lib/node_modules/browser-sync is being purged from base /usr/local
59 verbose gentlyRm don't care about contents; nuking /usr/local/lib/node_modules/browser-sync
60 verbose tar unpack /Users/shaina/.npm/browser-sync/2.15.0/package.tgz
61 verbose tar unpacking to /usr/local/lib/node_modules/browser-sync
62 silly gentlyRm /usr/local/lib/node_modules/browser-sync is being purged
63 verbose gentlyRm don't care about contents; nuking /usr/local/lib/node_modules/browser-sync
64 silly gunzTarPerm modes [ '755', '644' ]
65 error tar.unpack untar error /Users/shaina/.npm/browser-sync/2.15.0/package.tgz
66 verbose unlock done using /Users/shaina/.npm/_locks/browser-sync-ed941186c435fb34.lock for /usr/local/lib/node_modules/browser-sync
67 verbose fstream_path /usr/local/lib/node_modules/browser-sync
68 verbose fstream_type Directory
69 verbose fstream_class DirWriter
70 verbose stack Error: EACCES: permission denied, mkdir '/usr/local/lib/node_modules/browser-sync'
70 verbose stack     at Error (native)
71 verbose fstream_stack /usr/local/lib/node_modules/npm/node_modules/fstream/lib/dir-writer.js:35:25
71 verbose fstream_stack /usr/local/lib/node_modules/npm/node_modules/mkdirp/index.js:47:53
71 verbose fstream_stack FSReqWrap.oncomplete (fs.js:82:15)
72 verbose cwd /Users/shaina/Desktop/UCF-Bootcamp/res-ticket-app/app
73 error Darwin 15.6.0
74 error argv "/usr/local/bin/node" "/usr/local/bin/npm" "install" "-g" "browser-sync"
75 error node v4.5.0
76 error npm  v2.15.9
77 error path /usr/local/lib/node_modules/browser-sync
78 error code EACCES
79 error errno -13
80 error syscall mkdir
81 error Error: EACCES: permission denied, mkdir '/usr/local/lib/node_modules/browser-sync'
81 error     at Error (native)
81 error  { [Error: EACCES: permission denied, mkdir '/usr/local/lib/node_modules/browser-sync']
81 error   errno: -13,
81 error   code: 'EACCES',
81 error   syscall: 'mkdir',
81 error   path: '/usr/local/lib/node_modules/browser-sync',
81 error   fstream_type: 'Directory',
81 error   fstream_path: '/usr/local/lib/node_modules/browser-sync',
81 error   fstream_class: 'DirWriter',
81 error   fstream_stack:
81 error    [ '/usr/local/lib/node_modules/npm/node_modules/fstream/lib/dir-writer.js:35:25',
81 error      '/usr/local/lib/node_modules/npm/node_modules/mkdirp/index.js:47:53',
81 error      'FSReqWrap.oncomplete (fs.js:82:15)' ] }
82 error Please try running this command again as root/Administrator.
83 verbose exit [ -13, true ]
84 verbose unbuild lib/node_modules/browser-sync
85 silly gentlyRm /usr/local/lib/node_modules/browser-sync is being purged from base /usr/local
86 verbose gentlyRm don't care about contents; nuking /usr/local/lib/node_modules/browser-sync
